TN:
SF:/Users/18055848/Documents/self-development/jenius-workshop/ms-wiratama-notes/src/core/notes/models/note.model.js
FNF:0
FNH:0
DA:1,1
DA:3,1
DA:5,1
DA:12,1
DA:14,1
LF:5
LH:5
BRF:0
BRH:0
end_of_record
TN:
SF:/Users/18055848/Documents/self-development/jenius-workshop/ms-wiratama-notes/src/core/notes/services/note.service.js
FN:3,(anonymous_0)
FN:5,(anonymous_1)
FNF:2
FNH:2
FNDA:3,(anonymous_0)
FNDA:2,(anonymous_1)
DA:1,1
DA:3,3
DA:5,1
DA:6,2
DA:7,2
DA:9,2
DA:12,1
LF:7
LH:7
BRF:0
BRH:0
end_of_record
TN:
SF:/Users/18055848/Documents/self-development/jenius-workshop/ms-wiratama-notes/src/core/users/models/user.model.js
FNF:0
FNH:0
DA:1,1
DA:3,1
DA:5,1
DA:12,1
DA:14,1
LF:5
LH:5
BRF:0
BRH:0
end_of_record
TN:
SF:/Users/18055848/Documents/self-development/jenius-workshop/ms-wiratama-notes/src/security/services/authentication.service.js
FN:6,(anonymous_0)
FNF:1
FNH:1
FNDA:3,(anonymous_0)
DA:1,1
DA:2,1
DA:3,1
DA:4,1
DA:6,1
DA:7,3
DA:9,3
DA:10,1
DA:16,2
DA:18,2
DA:19,1
DA:21,1
DA:27,1
DA:33,1
LF:14
LH:14
BRDA:9,0,0,1
BRDA:9,0,1,2
BRDA:18,1,0,1
BRDA:18,1,1,1
BRF:4
BRH:4
end_of_record
TN:
SF:/Users/18055848/Documents/self-development/jenius-workshop/ms-wiratama-notes/src/security/services/token.service.js
FN:4,(anonymous_0)
FN:18,(anonymous_1)
FNF:2
FNH:2
FNDA:3,(anonymous_0)
FNDA:2,(anonymous_1)
DA:1,1
DA:2,1
DA:4,1
DA:5,3
DA:7,3
DA:8,1
DA:14,2
DA:15,1
DA:18,2
DA:19,2
DA:20,1
DA:26,1
DA:27,1
DA:31,1
LF:14
LH:14
BRDA:7,0,0,1
BRDA:7,0,1,2
BRDA:14,1,0,1
BRDA:14,1,1,1
BRDA:19,2,0,1
BRDA:19,2,1,1
BRF:6
BRH:6
end_of_record
